mode: set
github.com/genius/ag/internal/task/prompt.go:9.59,17.22 6 0
github.com/genius/ag/internal/task/prompt.go:17.22,20.3 2 0
github.com/genius/ag/internal/task/prompt.go:22.2,27.20 5 0
github.com/genius/ag/internal/task/prompt.go:31.61,35.26 3 0
github.com/genius/ag/internal/task/prompt.go:35.26,37.3 1 0
github.com/genius/ag/internal/task/prompt.go:38.2,45.26 6 0
github.com/genius/ag/internal/task/prompt.go:45.26,47.3 1 0
github.com/genius/ag/internal/task/prompt.go:49.2,59.20 9 0
github.com/genius/ag/internal/task/scheduler.go:34.47,43.2 1 0
github.com/genius/ag/internal/task/scheduler.go:47.67,52.16 3 0
github.com/genius/ag/internal/task/scheduler.go:52.16,54.3 1 0
github.com/genius/ag/internal/task/scheduler.go:55.2,55.21 1 0
github.com/genius/ag/internal/task/scheduler.go:55.21,58.3 2 0
github.com/genius/ag/internal/task/scheduler.go:61.2,61.40 1 0
github.com/genius/ag/internal/task/scheduler.go:61.40,64.3 2 0
github.com/genius/ag/internal/task/scheduler.go:66.2,72.12 3 0
github.com/genius/ag/internal/task/scheduler.go:72.12,73.7 1 0
github.com/genius/ag/internal/task/scheduler.go:73.7,74.11 1 0
github.com/genius/ag/internal/task/scheduler.go:75.22,77.11 2 0
github.com/genius/ag/internal/task/scheduler.go:78.40,79.84 1 0
github.com/genius/ag/internal/task/scheduler.go:85.2,90.33 4 0
github.com/genius/ag/internal/task/scheduler.go:90.33,92.20 2 0
github.com/genius/ag/internal/task/scheduler.go:92.20,94.12 2 0
github.com/genius/ag/internal/task/scheduler.go:96.3,96.21 1 0
github.com/genius/ag/internal/task/scheduler.go:96.21,100.32 3 0
github.com/genius/ag/internal/task/scheduler.go:100.32,102.32 2 0
github.com/genius/ag/internal/task/scheduler.go:102.32,104.6 1 0
github.com/genius/ag/internal/task/scheduler.go:104.11,106.24 2 0
github.com/genius/ag/internal/task/scheduler.go:106.24,108.7 1 0
github.com/genius/ag/internal/task/scheduler.go:108.12,110.7 1 0
github.com/genius/ag/internal/task/scheduler.go:113.4,114.82 2 0
github.com/genius/ag/internal/task/scheduler.go:115.9,117.4 1 0
github.com/genius/ag/internal/task/scheduler.go:120.2,120.6 1 0
github.com/genius/ag/internal/task/scheduler.go:120.6,121.10 1 0
github.com/genius/ag/internal/task/scheduler.go:122.21,124.20 2 0
github.com/genius/ag/internal/task/scheduler.go:125.11,125.11 0 0
github.com/genius/ag/internal/task/scheduler.go:128.5,129.17 2 0
github.com/genius/ag/internal/task/scheduler.go:129.17,131.4 1 0
github.com/genius/ag/internal/task/scheduler.go:134.3,135.35 2 0
github.com/genius/ag/internal/task/scheduler.go:135.35,137.53 2 0
github.com/genius/ag/internal/task/scheduler.go:137.53,142.5 4 0
github.com/genius/ag/internal/task/scheduler.go:143.4,143.118 1 0
github.com/genius/ag/internal/task/scheduler.go:144.9,144.22 1 0
github.com/genius/ag/internal/task/scheduler.go:144.22,146.4 1 0
github.com/genius/ag/internal/task/scheduler.go:149.3,150.17 2 0
github.com/genius/ag/internal/task/scheduler.go:150.17,152.4 1 0
github.com/genius/ag/internal/task/scheduler.go:153.3,153.14 1 0
github.com/genius/ag/internal/task/scheduler.go:153.14,157.4 3 0
github.com/genius/ag/internal/task/scheduler.go:159.5,159.18 1 0
github.com/genius/ag/internal/task/scheduler.go:159.18,162.25 2 0
github.com/genius/ag/internal/task/scheduler.go:162.25,165.25 2 0
github.com/genius/ag/internal/task/scheduler.go:165.25,167.6 1 0
github.com/genius/ag/internal/task/scheduler.go:169.4,169.32 1 0
github.com/genius/ag/internal/task/scheduler.go:175.67,179.44 2 0
github.com/genius/ag/internal/task/scheduler.go:179.44,181.3 1 0
github.com/genius/ag/internal/task/scheduler.go:181.8,181.14 1 0
github.com/genius/ag/internal/task/scheduler.go:181.14,183.3 1 0
github.com/genius/ag/internal/task/scheduler.go:186.2,186.50 1 0
github.com/genius/ag/internal/task/scheduler.go:186.50,188.3 1 0
github.com/genius/ag/internal/task/scheduler.go:188.8,188.14 1 0
github.com/genius/ag/internal/task/scheduler.go:188.14,190.3 1 0
github.com/genius/ag/internal/task/scheduler.go:193.2,193.45 1 0
github.com/genius/ag/internal/task/scheduler.go:193.45,195.3 1 0
github.com/genius/ag/internal/task/scheduler.go:195.8,195.14 1 0
github.com/genius/ag/internal/task/scheduler.go:195.14,197.3 1 0
github.com/genius/ag/internal/task/scheduler.go:200.2,200.21 1 0
github.com/genius/ag/internal/task/scheduler.go:200.21,201.55 1 0
github.com/genius/ag/internal/task/scheduler.go:201.55,203.4 1 0
github.com/genius/ag/internal/task/scheduler.go:203.9,203.15 1 0
github.com/genius/ag/internal/task/scheduler.go:203.15,205.4 1 0
github.com/genius/ag/internal/task/scheduler.go:208.2,208.22 1 0
github.com/genius/ag/internal/task/scheduler.go:213.53,215.16 2 0
github.com/genius/ag/internal/task/scheduler.go:215.16,217.3 1 0
github.com/genius/ag/internal/task/scheduler.go:218.2,219.27 2 0
github.com/genius/ag/internal/task/scheduler.go:219.27,220.19 1 0
github.com/genius/ag/internal/task/scheduler.go:220.19,222.12 2 0
github.com/genius/ag/internal/task/scheduler.go:226.3,229.17 3 0
github.com/genius/ag/internal/task/scheduler.go:229.17,231.12 2 0
github.com/genius/ag/internal/task/scheduler.go:233.3,234.18 2 0
github.com/genius/ag/internal/task/scheduler.go:236.2,236.22 1 0
github.com/genius/ag/internal/task/scheduler.go:240.75,243.16 2 0
github.com/genius/ag/internal/task/scheduler.go:243.16,245.3 1 0
github.com/genius/ag/internal/task/scheduler.go:246.2,247.16 2 0
github.com/genius/ag/internal/task/scheduler.go:247.16,249.3 1 0
github.com/genius/ag/internal/task/scheduler.go:252.2,253.16 2 0
github.com/genius/ag/internal/task/scheduler.go:253.16,255.3 1 0
github.com/genius/ag/internal/task/scheduler.go:257.2,258.28 2 0
github.com/genius/ag/internal/task/scheduler.go:258.28,259.17 1 0
github.com/genius/ag/internal/task/scheduler.go:259.17,260.9 1 0
github.com/genius/ag/internal/task/scheduler.go:262.3,263.17 2 0
github.com/genius/ag/internal/task/scheduler.go:263.17,265.12 2 0
github.com/genius/ag/internal/task/scheduler.go:267.3,267.21 1 0
github.com/genius/ag/internal/task/scheduler.go:267.21,269.12 2 0
github.com/genius/ag/internal/task/scheduler.go:273.3,274.17 2 0
github.com/genius/ag/internal/task/scheduler.go:274.17,276.12 2 0
github.com/genius/ag/internal/task/scheduler.go:278.3,279.17 2 0
github.com/genius/ag/internal/task/scheduler.go:279.17,281.12 2 0
github.com/genius/ag/internal/task/scheduler.go:285.3,287.18 3 0
github.com/genius/ag/internal/task/scheduler.go:289.2,289.22 1 0
github.com/genius/ag/internal/task/scheduler.go:293.63,295.16 2 0
github.com/genius/ag/internal/task/scheduler.go:295.16,298.3 2 0
github.com/genius/ag/internal/task/scheduler.go:300.2,308.23 5 0
github.com/genius/ag/internal/task/scheduler.go:308.23,310.3 1 0
github.com/genius/ag/internal/task/scheduler.go:311.2,315.16 3 0
github.com/genius/ag/internal/task/scheduler.go:315.16,318.3 2 0
github.com/genius/ag/internal/task/scheduler.go:321.2,323.16 3 0
github.com/genius/ag/internal/task/scheduler.go:323.16,326.3 2 0
github.com/genius/ag/internal/task/scheduler.go:327.2,329.36 2 0
github.com/genius/ag/internal/task/scheduler.go:329.36,333.3 3 0
github.com/genius/ag/internal/task/scheduler.go:336.2,338.16 3 0
github.com/genius/ag/internal/task/scheduler.go:338.16,340.3 1 0
github.com/genius/ag/internal/task/scheduler.go:341.2,348.46 4 0
github.com/genius/ag/internal/task/scheduler.go:348.46,350.3 1 0
github.com/genius/ag/internal/task/scheduler.go:354.2,363.70 5 0
github.com/genius/ag/internal/task/scheduler.go:363.70,365.3 1 0
github.com/genius/ag/internal/task/scheduler.go:368.2,381.72 5 0
github.com/genius/ag/internal/task/scheduler.go:387.54,389.16 2 0
github.com/genius/ag/internal/task/scheduler.go:389.16,391.3 1 0
github.com/genius/ag/internal/task/scheduler.go:392.2,393.28 2 0
github.com/genius/ag/internal/task/scheduler.go:393.28,394.23 1 0
github.com/genius/ag/internal/task/scheduler.go:394.23,396.12 2 0
github.com/genius/ag/internal/task/scheduler.go:398.3,406.37 6 0
github.com/genius/ag/internal/task/scheduler.go:406.37,412.66 2 0
github.com/genius/ag/internal/task/scheduler.go:412.66,414.5 1 0
github.com/genius/ag/internal/task/scheduler.go:414.10,418.5 3 0
github.com/genius/ag/internal/task/scheduler.go:419.9,422.32 2 0
github.com/genius/ag/internal/task/scheduler.go:422.32,424.13 2 0
github.com/genius/ag/internal/task/scheduler.go:426.4,431.58 2 0
github.com/genius/ag/internal/task/scheduler.go:431.58,433.13 2 0
github.com/genius/ag/internal/task/scheduler.go:435.4,437.29 3 0
github.com/genius/ag/internal/task/scheduler.go:444.3,444.39 1 0
github.com/genius/ag/internal/task/scheduler.go:444.39,446.29 2 0
github.com/genius/ag/internal/task/scheduler.go:446.29,448.20 1 0
github.com/genius/ag/internal/task/scheduler.go:448.20,450.19 2 0
github.com/genius/ag/internal/task/scheduler.go:450.19,452.25 2 0
github.com/genius/ag/internal/task/scheduler.go:452.25,454.8 1 0
github.com/genius/ag/internal/task/scheduler.go:454.13,456.8 1 0
github.com/genius/ag/internal/task/scheduler.go:457.7,459.15 3 0
github.com/genius/ag/internal/task/scheduler.go:462.5,465.13 4 0
github.com/genius/ag/internal/task/scheduler.go:469.3,472.18 3 0
github.com/genius/ag/internal/task/scheduler.go:472.18,476.59 2 0
github.com/genius/ag/internal/task/scheduler.go:476.59,480.35 3 0
github.com/genius/ag/internal/task/scheduler.go:480.35,482.6 1 0
github.com/genius/ag/internal/task/scheduler.go:483.5,484.25 2 0
github.com/genius/ag/internal/task/scheduler.go:484.25,486.6 1 0
github.com/genius/ag/internal/task/scheduler.go:487.5,490.13 4 0
github.com/genius/ag/internal/task/scheduler.go:492.9,492.21 1 0
github.com/genius/ag/internal/task/scheduler.go:492.21,494.37 1 0
github.com/genius/ag/internal/task/scheduler.go:494.37,496.35 2 0
github.com/genius/ag/internal/task/scheduler.go:496.35,499.6 2 0
github.com/genius/ag/internal/task/scheduler.go:499.11,501.36 2 0
github.com/genius/ag/internal/task/scheduler.go:501.36,503.7 1 0
github.com/genius/ag/internal/task/scheduler.go:504.6,505.26 2 0
github.com/genius/ag/internal/task/scheduler.go:505.26,507.7 1 0
github.com/genius/ag/internal/task/scheduler.go:508.6,511.14 4 0
github.com/genius/ag/internal/task/scheduler.go:516.3,516.16 1 0
github.com/genius/ag/internal/task/scheduler.go:516.16,517.22 1 0
github.com/genius/ag/internal/task/scheduler.go:517.22,520.5 2 0
github.com/genius/ag/internal/task/scheduler.go:520.10,523.22 3 0
github.com/genius/ag/internal/task/scheduler.go:523.22,525.6 1 0
github.com/genius/ag/internal/task/scheduler.go:526.5,526.67 1 0
github.com/genius/ag/internal/task/scheduler.go:528.4,528.19 1 0
github.com/genius/ag/internal/task/scheduler.go:531.2,531.22 1 0
github.com/genius/ag/internal/task/scheduler.go:536.59,538.16 2 0
github.com/genius/ag/internal/task/scheduler.go:538.16,540.3 1 0
github.com/genius/ag/internal/task/scheduler.go:542.2,543.16 2 0
github.com/genius/ag/internal/task/scheduler.go:543.16,545.3 1 0
github.com/genius/ag/internal/task/scheduler.go:548.2,551.50 3 0
github.com/genius/ag/internal/task/scheduler.go:551.50,552.28 1 0
github.com/genius/ag/internal/task/scheduler.go:552.28,555.4 2 0
github.com/genius/ag/internal/task/scheduler.go:556.3,556.14 1 0
github.com/genius/ag/internal/task/scheduler.go:559.2,561.16 2 0
github.com/genius/ag/internal/task/scheduler.go:561.16,563.3 1 0
github.com/genius/ag/internal/task/scheduler.go:565.2,569.32 3 0
github.com/genius/ag/internal/task/scheduler.go:569.32,570.56 1 0
github.com/genius/ag/internal/task/scheduler.go:570.56,572.4 1 0
github.com/genius/ag/internal/task/scheduler.go:575.2,575.22 1 0
github.com/genius/ag/internal/task/scheduler.go:579.79,581.16 2 0
github.com/genius/ag/internal/task/scheduler.go:581.16,583.3 1 0
github.com/genius/ag/internal/task/scheduler.go:585.2,586.31 2 0
github.com/genius/ag/internal/task/scheduler.go:586.31,588.17 2 0
github.com/genius/ag/internal/task/scheduler.go:588.17,589.12 1 0
github.com/genius/ag/internal/task/scheduler.go:593.3,594.27 2 0
github.com/genius/ag/internal/task/scheduler.go:594.27,595.32 1 0
github.com/genius/ag/internal/task/scheduler.go:595.32,597.10 2 0
github.com/genius/ag/internal/task/scheduler.go:601.3,601.17 1 0
github.com/genius/ag/internal/task/scheduler.go:601.17,602.12 1 0
github.com/genius/ag/internal/task/scheduler.go:606.3,608.18 3 0
github.com/genius/ag/internal/task/scheduler.go:610.2,610.22 1 0
github.com/genius/ag/internal/task/scheduler.go:614.70,625.23 7 0
github.com/genius/ag/internal/task/scheduler.go:625.23,627.3 1 0
github.com/genius/ag/internal/task/scheduler.go:628.2,632.16 3 0
github.com/genius/ag/internal/task/scheduler.go:632.16,633.27 1 0
github.com/genius/ag/internal/task/scheduler.go:633.27,635.4 1 0
github.com/genius/ag/internal/task/scheduler.go:636.3,636.9 1 0
github.com/genius/ag/internal/task/scheduler.go:640.2,644.36 4 0
github.com/genius/ag/internal/task/scheduler.go:644.36,646.27 2 0
github.com/genius/ag/internal/task/scheduler.go:646.27,648.4 1 0
github.com/genius/ag/internal/task/scheduler.go:649.3,649.9 1 0
github.com/genius/ag/internal/task/scheduler.go:653.2,662.20 7 0
github.com/genius/ag/internal/task/scheduler.go:662.20,665.27 2 0
github.com/genius/ag/internal/task/scheduler.go:665.27,667.4 1 0
github.com/genius/ag/internal/task/scheduler.go:668.3,668.9 1 0
github.com/genius/ag/internal/task/scheduler.go:672.2,675.49 3 0
github.com/genius/ag/internal/task/scheduler.go:675.49,677.27 2 0
github.com/genius/ag/internal/task/scheduler.go:677.27,679.4 1 0
github.com/genius/ag/internal/task/scheduler.go:680.8,683.27 2 0
github.com/genius/ag/internal/task/scheduler.go:683.27,685.4 1 0
github.com/genius/ag/internal/task/scheduler.go:694.42,695.20 1 0
github.com/genius/ag/internal/task/scheduler.go:695.20,697.3 1 0
github.com/genius/ag/internal/task/scheduler.go:698.2,702.30 3 0
github.com/genius/ag/internal/task/scheduler.go:702.30,707.59 2 0
github.com/genius/ag/internal/task/scheduler.go:707.59,708.54 1 0
github.com/genius/ag/internal/task/scheduler.go:708.54,711.5 2 0
github.com/genius/ag/internal/task/scheduler.go:712.4,712.24 1 0
github.com/genius/ag/internal/task/scheduler.go:712.24,714.75 2 0
github.com/genius/ag/internal/task/scheduler.go:714.75,717.6 2 0
github.com/genius/ag/internal/task/scheduler.go:723.37,725.19 2 0
github.com/genius/ag/internal/task/scheduler.go:725.19,727.3 1 0
github.com/genius/ag/internal/task/scheduler.go:728.2,729.16 2 0
github.com/genius/ag/internal/task/scheduler.go:729.16,731.3 1 0
github.com/genius/ag/internal/task/scheduler.go:732.2,732.20 1 0
github.com/genius/ag/internal/task/scheduler.go:735.44,738.21 2 0
github.com/genius/ag/internal/task/scheduler.go:738.21,740.3 1 0
github.com/genius/ag/internal/task/scheduler.go:741.2,741.13 1 0
github.com/genius/ag/internal/task/scheduler.go:744.35,746.16 2 0
github.com/genius/ag/internal/task/scheduler.go:746.16,748.3 1 0
github.com/genius/ag/internal/task/scheduler.go:749.2,749.21 1 0
github.com/genius/ag/internal/task/scheduler.go:752.39,755.17 3 0
github.com/genius/ag/internal/task/scheduler.go:755.17,757.3 1 0
github.com/genius/ag/internal/task/scheduler.go:758.2,758.22 1 0
github.com/genius/ag/internal/task/scheduler.go:762.21,764.26 2 0
github.com/genius/ag/internal/task/scheduler.go:764.26,766.31 2 0
github.com/genius/ag/internal/task/scheduler.go:766.31,768.4 1 0
github.com/genius/ag/internal/task/scheduler.go:769.3,770.20 2 0
github.com/genius/ag/internal/task/scheduler.go:770.20,772.4 1 0
github.com/genius/ag/internal/task/task.go:47.41,49.2 1 1
github.com/genius/ag/internal/task/task.go:52.42,54.13 2 1
github.com/genius/ag/internal/task/task.go:54.13,56.3 1 0
github.com/genius/ag/internal/task/task.go:57.2,57.28 1 1
github.com/genius/ag/internal/task/task.go:57.28,58.14 1 1
github.com/genius/ag/internal/task/task.go:58.14,60.4 1 1
github.com/genius/ag/internal/task/task.go:62.2,62.14 1 1
github.com/genius/ag/internal/task/task.go:66.36,69.2 2 1
github.com/genius/ag/internal/task/task.go:98.65,100.2 1 1
github.com/genius/ag/internal/task/task.go:103.82,105.2 1 1
github.com/genius/ag/internal/task/task.go:107.82,113.33 3 1
github.com/genius/ag/internal/task/task.go:113.33,116.49 3 1
github.com/genius/ag/internal/task/task.go:116.49,117.23 1 0
github.com/genius/ag/internal/task/task.go:117.23,119.5 1 0
github.com/genius/ag/internal/task/task.go:120.4,120.19 1 0
github.com/genius/ag/internal/task/task.go:122.3,130.92 2 1
github.com/genius/ag/internal/task/task.go:130.92,133.4 2 0
github.com/genius/ag/internal/task/task.go:134.3,134.19 1 1
github.com/genius/ag/internal/task/task.go:138.2,138.20 1 1
github.com/genius/ag/internal/task/task.go:138.20,142.49 3 1
github.com/genius/ag/internal/task/task.go:142.49,143.23 1 1
github.com/genius/ag/internal/task/task.go:143.23,144.13 1 1
github.com/genius/ag/internal/task/task.go:146.4,146.19 1 0
github.com/genius/ag/internal/task/task.go:148.3,156.92 2 1
github.com/genius/ag/internal/task/task.go:156.92,159.4 2 0
github.com/genius/ag/internal/task/task.go:160.3,160.19 1 1
github.com/genius/ag/internal/task/task.go:168.51,173.30 4 1
github.com/genius/ag/internal/task/task.go:173.30,175.3 1 0
github.com/genius/ag/internal/task/task.go:179.2,181.16 3 1
github.com/genius/ag/internal/task/task.go:181.16,183.3 1 0
github.com/genius/ag/internal/task/task.go:185.2,185.84 1 1
github.com/genius/ag/internal/task/task.go:185.84,188.3 2 0
github.com/genius/ag/internal/task/task.go:191.2,191.15 1 1
github.com/genius/ag/internal/task/task.go:191.15,194.3 2 1
github.com/genius/ag/internal/task/task.go:196.2,202.16 5 1
github.com/genius/ag/internal/task/task.go:202.16,204.3 1 0
github.com/genius/ag/internal/task/task.go:206.2,206.34 1 1
github.com/genius/ag/internal/task/task.go:206.34,208.3 1 1
github.com/genius/ag/internal/task/task.go:210.2,215.16 5 1
github.com/genius/ag/internal/task/task.go:215.16,217.3 1 0
github.com/genius/ag/internal/task/task.go:218.2,218.20 1 1
github.com/genius/ag/internal/task/task.go:218.20,220.3 1 1
github.com/genius/ag/internal/task/task.go:222.2,222.91 1 1
github.com/genius/ag/internal/task/task.go:222.91,224.3 1 0
github.com/genius/ag/internal/task/task.go:226.2,226.18 1 1
github.com/genius/ag/internal/task/task.go:232.51,237.16 4 1
github.com/genius/ag/internal/task/task.go:237.16,239.3 1 0
github.com/genius/ag/internal/task/task.go:241.3,241.38 1 1
github.com/genius/ag/internal/task/task.go:241.38,243.3 1 1
github.com/genius/ag/internal/task/task.go:245.3,246.48 2 1
github.com/genius/ag/internal/task/task.go:246.48,248.3 1 1
github.com/genius/ag/internal/task/task.go:249.2,249.44 1 1
github.com/genius/ag/internal/task/task.go:249.44,251.3 1 1
github.com/genius/ag/internal/task/task.go:252.2,252.107 1 1
github.com/genius/ag/internal/task/task.go:252.107,254.3 1 0
github.com/genius/ag/internal/task/task.go:255.2,255.18 1 1
github.com/genius/ag/internal/task/task.go:258.57,263.16 4 1
github.com/genius/ag/internal/task/task.go:263.16,265.3 1 0
github.com/genius/ag/internal/task/task.go:267.2,267.45 1 1
github.com/genius/ag/internal/task/task.go:267.45,269.3 1 0
github.com/genius/ag/internal/task/task.go:271.2,275.107 4 1
github.com/genius/ag/internal/task/task.go:275.107,277.3 1 0
github.com/genius/ag/internal/task/task.go:279.2,279.18 1 1
github.com/genius/ag/internal/task/task.go:283.72,288.16 4 1
github.com/genius/ag/internal/task/task.go:288.16,290.3 1 0
github.com/genius/ag/internal/task/task.go:292.2,292.47 1 1
github.com/genius/ag/internal/task/task.go:292.47,294.3 1 0
github.com/genius/ag/internal/task/task.go:296.2,301.107 5 1
github.com/genius/ag/internal/task/task.go:301.107,303.3 1 0
github.com/genius/ag/internal/task/task.go:305.2,305.18 1 1
github.com/genius/ag/internal/task/task.go:310.58,315.16 4 1
github.com/genius/ag/internal/task/task.go:315.16,317.3 1 0
github.com/genius/ag/internal/task/task.go:319.2,319.33 1 1
github.com/genius/ag/internal/task/task.go:319.33,321.3 1 1
github.com/genius/ag/internal/task/task.go:323.2,323.35 1 1
github.com/genius/ag/internal/task/task.go:323.35,325.3 1 1
github.com/genius/ag/internal/task/task.go:327.2,338.107 9 1
github.com/genius/ag/internal/task/task.go:338.107,340.3 1 0
github.com/genius/ag/internal/task/task.go:341.2,341.18 1 1
github.com/genius/ag/internal/task/task.go:346.33,348.16 2 1
github.com/genius/ag/internal/task/task.go:348.16,350.3 1 0
github.com/genius/ag/internal/task/task.go:351.2,353.26 3 1
github.com/genius/ag/internal/task/task.go:353.26,355.14 2 1
github.com/genius/ag/internal/task/task.go:355.14,357.4 1 0
github.com/genius/ag/internal/task/task.go:358.3,358.15 1 1
github.com/genius/ag/internal/task/task.go:358.15,361.4 2 1
github.com/genius/ag/internal/task/task.go:363.2,363.20 1 1
github.com/genius/ag/internal/task/task.go:367.48,369.16 2 1
github.com/genius/ag/internal/task/task.go:369.16,371.3 1 0
github.com/genius/ag/internal/task/task.go:372.2,373.26 2 1
github.com/genius/ag/internal/task/task.go:373.26,375.14 2 1
github.com/genius/ag/internal/task/task.go:375.14,377.4 1 0
github.com/genius/ag/internal/task/task.go:378.3,378.17 1 1
github.com/genius/ag/internal/task/task.go:378.17,380.4 1 1
github.com/genius/ag/internal/task/task.go:382.2,382.20 1 1
github.com/genius/ag/internal/task/task.go:386.30,388.16 2 1
github.com/genius/ag/internal/task/task.go:388.16,390.3 1 0
github.com/genius/ag/internal/task/task.go:391.2,391.26 1 1
github.com/genius/ag/internal/task/task.go:391.26,392.28 1 1
github.com/genius/ag/internal/task/task.go:392.28,394.4 1 1
github.com/genius/ag/internal/task/task.go:396.2,396.18 1 1
github.com/genius/ag/internal/task/task.go:401.56,407.16 5 0
github.com/genius/ag/internal/task/task.go:407.16,408.25 1 0
github.com/genius/ag/internal/task/task.go:408.25,410.4 1 0
github.com/genius/ag/internal/task/task.go:411.3,411.19 1 0
github.com/genius/ag/internal/task/task.go:415.2,416.32 2 0
github.com/genius/ag/internal/task/task.go:416.32,417.21 1 0
github.com/genius/ag/internal/task/task.go:417.21,418.12 1 0
github.com/genius/ag/internal/task/task.go:420.3,421.21 2 0
github.com/genius/ag/internal/task/task.go:421.21,422.12 1 0
github.com/genius/ag/internal/task/task.go:424.3,424.27 1 0
github.com/genius/ag/internal/task/task.go:424.27,426.4 1 0
github.com/genius/ag/internal/task/task.go:430.2,430.27 1 0
github.com/genius/ag/internal/task/task.go:430.27,432.51 2 0
github.com/genius/ag/internal/task/task.go:432.51,434.12 2 0
github.com/genius/ag/internal/task/task.go:436.3,437.47 2 0
github.com/genius/ag/internal/task/task.go:440.2,440.18 1 0
github.com/genius/ag/internal/task/task.go:440.18,442.3 1 0
github.com/genius/ag/internal/task/task.go:445.2,446.34 2 0
github.com/genius/ag/internal/task/task.go:446.34,447.21 1 0
github.com/genius/ag/internal/task/task.go:447.21,448.12 1 0
github.com/genius/ag/internal/task/task.go:450.3,451.21 2 0
github.com/genius/ag/internal/task/task.go:451.21,452.12 1 0
github.com/genius/ag/internal/task/task.go:454.3,454.31 1 0
github.com/genius/ag/internal/task/task.go:454.31,455.12 1 0
github.com/genius/ag/internal/task/task.go:458.3,460.40 3 0
github.com/genius/ag/internal/task/task.go:460.40,461.23 1 0
github.com/genius/ag/internal/task/task.go:461.23,464.13 3 0
github.com/genius/ag/internal/task/task.go:467.4,468.31 2 0
github.com/genius/ag/internal/task/task.go:468.31,471.13 3 0
github.com/genius/ag/internal/task/task.go:473.4,473.36 1 0
github.com/genius/ag/internal/task/task.go:476.3,476.12 1 0
github.com/genius/ag/internal/task/task.go:476.12,479.73 3 0
github.com/genius/ag/internal/task/task.go:479.73,481.5 1 0
github.com/genius/ag/internal/task/task.go:482.4,482.15 1 0
github.com/genius/ag/internal/task/task.go:486.2,486.32 1 0
github.com/genius/ag/internal/task/task.go:490.41,492.2 1 1
github.com/genius/ag/internal/task/task.go:496.49,498.16 2 1
github.com/genius/ag/internal/task/task.go:498.16,500.3 1 1
github.com/genius/ag/internal/task/task.go:501.2,501.18 1 1
github.com/genius/ag/internal/task/task.go:506.47,508.16 2 1
github.com/genius/ag/internal/task/task.go:508.16,510.3 1 0
github.com/genius/ag/internal/task/task.go:513.2,522.52 2 1
github.com/genius/ag/internal/task/task.go:522.52,524.3 1 0
github.com/genius/ag/internal/task/task.go:526.2,530.32 3 1
github.com/genius/ag/internal/task/task.go:530.32,532.27 2 1
github.com/genius/ag/internal/task/task.go:532.27,534.4 1 1
github.com/genius/ag/internal/task/task.go:536.3,537.18 2 1
github.com/genius/ag/internal/task/task.go:537.18,539.18 2 1
github.com/genius/ag/internal/task/task.go:539.18,540.13 1 0
github.com/genius/ag/internal/task/task.go:542.9,544.18 2 0
github.com/genius/ag/internal/task/task.go:544.18,545.13 1 0
github.com/genius/ag/internal/task/task.go:549.3,551.20 3 1
github.com/genius/ag/internal/task/task.go:551.20,553.4 1 1
github.com/genius/ag/internal/task/task.go:554.3,557.10 4 1
github.com/genius/ag/internal/task/task.go:561.2,561.32 1 1
github.com/genius/ag/internal/task/task.go:561.32,562.18 1 1
github.com/genius/ag/internal/task/task.go:562.18,563.12 1 0
github.com/genius/ag/internal/task/task.go:565.3,565.39 1 1
github.com/genius/ag/internal/task/task.go:565.39,566.55 1 1
github.com/genius/ag/internal/task/task.go:566.55,568.5 1 0
github.com/genius/ag/internal/task/task.go:572.2,572.24 1 1
github.com/genius/ag/internal/task/task.go:572.24,574.3 1 0
github.com/genius/ag/internal/task/task.go:575.2,575.19 1 1
github.com/genius/ag/internal/task/task.go:579.41,581.2 1 1
github.com/genius/ag/internal/task/task.go:584.42,586.16 2 1
github.com/genius/ag/internal/task/task.go:586.16,588.3 1 0
github.com/genius/ag/internal/task/task.go:589.2,589.26 1 1
github.com/genius/ag/internal/task/task.go:589.26,591.17 2 1
github.com/genius/ag/internal/task/task.go:591.17,593.4 1 1
github.com/genius/ag/internal/task/task.go:595.2,595.54 1 1
github.com/genius/ag/internal/task/task.go:599.57,600.21 1 1
github.com/genius/ag/internal/task/task.go:600.21,602.3 1 0
github.com/genius/ag/internal/task/task.go:603.2,607.16 4 1
github.com/genius/ag/internal/task/task.go:607.16,609.3 1 0
github.com/genius/ag/internal/task/task.go:610.2,610.43 1 1
github.com/genius/ag/internal/task/task.go:610.43,612.3 1 0
github.com/genius/ag/internal/task/task.go:613.2,613.43 1 1
github.com/genius/ag/internal/task/task.go:613.43,614.19 1 0
github.com/genius/ag/internal/task/task.go:614.19,616.4 1 0
github.com/genius/ag/internal/task/task.go:618.2,619.16 2 1
github.com/genius/ag/internal/task/task.go:619.16,621.3 1 0
github.com/genius/ag/internal/task/task.go:622.2,622.11 1 1
github.com/genius/ag/internal/task/task.go:622.11,624.3 1 1
github.com/genius/ag/internal/task/task.go:625.2,627.110 3 1
github.com/genius/ag/internal/task/task.go:627.110,629.3 1 0
github.com/genius/ag/internal/task/task.go:630.2,630.21 1 1
github.com/genius/ag/internal/task/task.go:634.60,639.16 4 0
github.com/genius/ag/internal/task/task.go:639.16,641.3 1 0
github.com/genius/ag/internal/task/task.go:642.2,643.43 2 0
github.com/genius/ag/internal/task/task.go:643.43,644.19 1 0
github.com/genius/ag/internal/task/task.go:644.19,646.4 1 0
github.com/genius/ag/internal/task/task.go:648.2,649.110 2 0
github.com/genius/ag/internal/task/task.go:649.110,651.3 1 0
github.com/genius/ag/internal/task/task.go:652.2,652.21 1 0
github.com/genius/ag/internal/task/task.go:656.52,658.16 2 0
github.com/genius/ag/internal/task/task.go:658.16,660.3 1 0
github.com/genius/ag/internal/task/task.go:661.2,663.17 3 0
github.com/genius/ag/internal/task/task.go:667.57,669.16 2 1
github.com/genius/ag/internal/task/task.go:669.16,671.3 1 0
github.com/genius/ag/internal/task/task.go:672.2,672.35 1 1
github.com/genius/ag/internal/task/task.go:676.49,679.16 3 1
github.com/genius/ag/internal/task/task.go:679.16,680.25 1 0
github.com/genius/ag/internal/task/task.go:680.25,682.4 1 0
github.com/genius/ag/internal/task/task.go:683.3,683.18 1 0
github.com/genius/ag/internal/task/task.go:686.2,687.32 2 1
github.com/genius/ag/internal/task/task.go:687.32,688.21 1 1
github.com/genius/ag/internal/task/task.go:688.21,689.12 1 0
github.com/genius/ag/internal/task/task.go:691.3,692.17 2 1
github.com/genius/ag/internal/task/task.go:692.17,693.12 1 0
github.com/genius/ag/internal/task/task.go:695.3,695.56 1 1
github.com/genius/ag/internal/task/task.go:695.56,696.12 1 1
github.com/genius/ag/internal/task/task.go:698.3,698.30 1 1
github.com/genius/ag/internal/task/task.go:702.2,702.40 1 1
github.com/genius/ag/internal/task/task.go:702.40,705.45 3 1
github.com/genius/ag/internal/task/task.go:705.45,707.4 1 1
github.com/genius/ag/internal/task/task.go:708.3,708.33 1 0
github.com/genius/ag/internal/task/task.go:708.33,710.4 1 0
github.com/genius/ag/internal/task/task.go:711.3,711.33 1 0
github.com/genius/ag/internal/task/task.go:711.33,713.4 1 0
github.com/genius/ag/internal/task/task.go:714.3,714.35 1 0
github.com/genius/ag/internal/task/task.go:717.2,717.19 1 1
github.com/genius/ag/internal/task/task.go:720.41,722.31 2 1
github.com/genius/ag/internal/task/task.go:722.31,724.3 1 1
github.com/genius/ag/internal/task/task.go:725.2,726.57 2 1
github.com/genius/ag/internal/task/task.go:726.57,728.3 1 0
github.com/genius/ag/internal/task/task.go:729.2,729.18 1 1
github.com/genius/ag/internal/task/task.go:732.57,733.36 1 1
github.com/genius/ag/internal/task/task.go:733.36,735.3 1 1
github.com/genius/ag/internal/task/task.go:736.2,737.45 2 1
github.com/genius/ag/internal/task/task.go:737.45,739.17 2 1
github.com/genius/ag/internal/task/task.go:739.17,742.12 3 0
github.com/genius/ag/internal/task/task.go:744.3,744.38 1 1
github.com/genius/ag/internal/task/task.go:744.38,746.4 1 1
github.com/genius/ag/internal/task/task.go:748.2,749.19 2 1
github.com/genius/ag/internal/task/task.go:752.55,755.39 3 1
github.com/genius/ag/internal/task/task.go:755.39,756.20 1 1
github.com/genius/ag/internal/task/task.go:756.20,758.4 1 1
github.com/genius/ag/internal/task/task.go:759.3,759.16 1 1
github.com/genius/ag/internal/task/task.go:759.16,761.4 1 0
github.com/genius/ag/internal/task/task.go:762.3,764.17 3 1
github.com/genius/ag/internal/task/task.go:764.17,766.4 1 0
github.com/genius/ag/internal/task/task.go:767.3,767.44 1 1
github.com/genius/ag/internal/task/task.go:767.44,769.18 2 1
github.com/genius/ag/internal/task/task.go:769.18,771.5 1 0
github.com/genius/ag/internal/task/task.go:772.4,772.13 1 1
github.com/genius/ag/internal/task/task.go:772.13,774.5 1 1
github.com/genius/ag/internal/task/task.go:776.3,776.20 1 1
github.com/genius/ag/internal/task/task.go:778.2,778.19 1 1
github.com/genius/ag/internal/task/task.go:781.45,783.23 2 1
github.com/genius/ag/internal/task/task.go:783.23,784.27 1 1
github.com/genius/ag/internal/task/task.go:784.27,786.4 1 1
github.com/genius/ag/internal/task/task.go:788.2,788.23 1 1
github.com/genius/ag/internal/task/task.go:788.23,790.3 1 0
github.com/genius/ag/internal/task/task.go:791.2,791.38 1 1
